2023-01-30 12:47:48 notice: Undefined property: UsersController::$UsersProfile in /var/www/html/Property-Management/src/Controller/UsersController.php on line 108
Request URL: /users/signup
Referer URL: http://localhost:8765/users/user-login
Client IP: 127.0.0.1
Trace:
Cake\Controller\Controller::__get() /var/www/html/Property-Management/vendor/cakephp/cakephp/src/Controller/Controller.php, line 337
App\Controller\UsersController::signup() /var/www/html/Property-Management/src/Controller/UsersController.php, line 108
Cake\Controller\Controller::invokeAction() /var/www/html/Property-Management/vendor/cakephp/cakephp/src/Controller/Controller.php, line 547
Cake\Controller\ControllerFactory::handle() /var/www/html/Property-Management/vendor/cakephp/cakephp/src/Controller/ControllerFactory.php, line 139
Cake\Controller\ControllerFactory::invoke() /var/www/html/Property-Management/vendor/cakephp/cakephp/src/Controller/ControllerFactory.php, line 114
Cake\Http\BaseApplication::handle() /var/www/html/Property-Management/vendor/cakephp/cakephp/src/Http/BaseApplication.php, line 320
Cake\Http\Runner::handle() /var/www/html/Property-Management/vendor/cakephp/cakephp/src/Http/Runner.php, line 77
Cake\Http\Middleware\CsrfProtectionMiddleware::process() /var/www/html/Property-Management/vendor/cakephp/cakephp/src/Http/Middleware/CsrfProtectionMiddleware.php, line 174
Cake\Http\Runner::handle() /var/www/html/Property-Management/vendor/cakephp/cakephp/src/Http/Runner.php, line 73
Cake\Http\Middleware\BodyParserMiddleware::process() /var/www/html/Property-Management/vendor/cakephp/cakephp/src/Http/Middleware/BodyParserMiddleware.php, line 157
Cake\Http\Runner::handle() /var/www/html/Property-Management/vendor/cakephp/cakephp/src/Http/Runner.php, line 73
Cake\Routing\Middleware\RoutingMiddleware::process() /var/www/html/Property-Management/vendor/cakephp/cakephp/src/Routing/Middleware/RoutingMiddleware.php, line 186
Cake\Http\Runner::handle() /var/www/html/Property-Management/vendor/cakephp/cakephp/src/Http/Runner.php, line 73
Cake\Routing\Middleware\AssetMiddleware::process() /var/www/html/Property-Management/vendor/cakephp/cakephp/src/Routing/Middleware/AssetMiddleware.php, line 68
Cake\Http\Runner::handle() /var/www/html/Property-Management/vendor/cakephp/cakephp/src/Http/Runner.php, line 73
Cake\Error\Middleware\ErrorHandlerMiddleware::process() /var/www/html/Property-Management/vendor/cakephp/cakephp/src/Error/Middleware/ErrorHandlerMiddleware.php, line 131
Cake\Http\Runner::handle() /var/www/html/Property-Management/vendor/cakephp/cakephp/src/Http/Runner.php, line 73
DebugKit\Middleware\DebugKitMiddleware::process() /var/www/html/Property-Management/vendor/cakephp/debug_kit/src/Middleware/DebugKitMiddleware.php, line 60
Cake\Http\Runner::handle() /var/www/html/Property-Management/vendor/cakephp/cakephp/src/Http/Runner.php, line 73
Cake\Http\Runner::run() /var/www/html/Property-Management/vendor/cakephp/cakephp/src/Http/Runner.php, line 58
Cake\Http\Server::run() /var/www/html/Property-Management/vendor/cakephp/cakephp/src/Http/Server.php, line 90
[main] /var/www/html/Property-Management/webroot/index.php, line 40

2023-01-30 12:48:27 notice: Undefined property: UsersController::$UsersProfile in /var/www/html/Property-Management/src/Controller/UsersController.php on line 108
Request URL: /users/signup
Referer URL: http://localhost:8765/users/user-login
Client IP: 127.0.0.1
Trace:
Cake\Controller\Controller::__get() /var/www/html/Property-Management/vendor/cakephp/cakephp/src/Controller/Controller.php, line 337
App\Controller\UsersController::signup() /var/www/html/Property-Management/src/Controller/UsersController.php, line 108
Cake\Controller\Controller::invokeAction() /var/www/html/Property-Management/vendor/cakephp/cakephp/src/Controller/Controller.php, line 547
Cake\Controller\ControllerFactory::handle() /var/www/html/Property-Management/vendor/cakephp/cakephp/src/Controller/ControllerFactory.php, line 139
Cake\Controller\ControllerFactory::invoke() /var/www/html/Property-Management/vendor/cakephp/cakephp/src/Controller/ControllerFactory.php, line 114
Cake\Http\BaseApplication::handle() /var/www/html/Property-Management/vendor/cakephp/cakephp/src/Http/BaseApplication.php, line 320
Cake\Http\Runner::handle() /var/www/html/Property-Management/vendor/cakephp/cakephp/src/Http/Runner.php, line 77
Cake\Http\Middleware\CsrfProtectionMiddleware::process() /var/www/html/Property-Management/vendor/cakephp/cakephp/src/Http/Middleware/CsrfProtectionMiddleware.php, line 174
Cake\Http\Runner::handle() /var/www/html/Property-Management/vendor/cakephp/cakephp/src/Http/Runner.php, line 73
Cake\Http\Middleware\BodyParserMiddleware::process() /var/www/html/Property-Management/vendor/cakephp/cakephp/src/Http/Middleware/BodyParserMiddleware.php, line 157
Cake\Http\Runner::handle() /var/www/html/Property-Management/vendor/cakephp/cakephp/src/Http/Runner.php, line 73
Cake\Routing\Middleware\RoutingMiddleware::process() /var/www/html/Property-Management/vendor/cakephp/cakephp/src/Routing/Middleware/RoutingMiddleware.php, line 186
Cake\Http\Runner::handle() /var/www/html/Property-Management/vendor/cakephp/cakephp/src/Http/Runner.php, line 73
Cake\Routing\Middleware\AssetMiddleware::process() /var/www/html/Property-Management/vendor/cakephp/cakephp/src/Routing/Middleware/AssetMiddleware.php, line 68
Cake\Http\Runner::handle() /var/www/html/Property-Management/vendor/cakephp/cakephp/src/Http/Runner.php, line 73
Cake\Error\Middleware\ErrorHandlerMiddleware::process() /var/www/html/Property-Management/vendor/cakephp/cakephp/src/Error/Middleware/ErrorHandlerMiddleware.php, line 131
Cake\Http\Runner::handle() /var/www/html/Property-Management/vendor/cakephp/cakephp/src/Http/Runner.php, line 73
DebugKit\Middleware\DebugKitMiddleware::process() /var/www/html/Property-Management/vendor/cakephp/debug_kit/src/Middleware/DebugKitMiddleware.php, line 60
Cake\Http\Runner::handle() /var/www/html/Property-Management/vendor/cakephp/cakephp/src/Http/Runner.php, line 73
Cake\Http\Runner::run() /var/www/html/Property-Management/vendor/cakephp/cakephp/src/Http/Runner.php, line 58
Cake\Http\Server::run() /var/www/html/Property-Management/vendor/cakephp/cakephp/src/Http/Server.php, line 90
[main] /var/www/html/Property-Management/webroot/index.php, line 40

2023-01-31 04:56:24 notice: Undefined property: UsersController::$viewvars in /var/www/html/Property-Management/src/Controller/AppController.php on line 74
Request URL: /users/signup
Client IP: 127.0.0.1
Trace:
Cake\Controller\Controller::__get() /var/www/html/Property-Management/vendor/cakephp/cakephp/src/Controller/Controller.php, line 337
App\Controller\AppController::beforeRender() /var/www/html/Property-Management/src/Controller/AppController.php, line 74
Cake\Event\EventManager::_callListener() /var/www/html/Property-Management/vendor/cakephp/cakephp/src/Event/EventManager.php, line 309
Cake\Event\EventManager::dispatch() /var/www/html/Property-Management/vendor/cakephp/cakephp/src/Event/EventManager.php, line 286
Cake\Controller\Controller::dispatchEvent() /var/www/html/Property-Management/vendor/cakephp/cakephp/src/Event/EventDispatcherTrait.php, line 92
Cake\Controller\Controller::render() /var/www/html/Property-Management/vendor/cakephp/cakephp/src/Controller/Controller.php, line 759
Cake\Controller\Controller::invokeAction() /var/www/html/Property-Management/vendor/cakephp/cakephp/src/Controller/Controller.php, line 556
Cake\Controller\ControllerFactory::handle() /var/www/html/Property-Management/vendor/cakephp/cakephp/src/Controller/ControllerFactory.php, line 139
Cake\Controller\ControllerFactory::invoke() /var/www/html/Property-Management/vendor/cakephp/cakephp/src/Controller/ControllerFactory.php, line 114
Cake\Http\BaseApplication::handle() /var/www/html/Property-Management/vendor/cakephp/cakephp/src/Http/BaseApplication.php, line 320
Cake\Http\Runner::handle() /var/www/html/Property-Management/vendor/cakephp/cakephp/src/Http/Runner.php, line 77
Cake\Http\Middleware\CsrfProtectionMiddleware::process() /var/www/html/Property-Management/vendor/cakephp/cakephp/src/Http/Middleware/CsrfProtectionMiddleware.php, line 174
Cake\Http\Runner::handle() /var/www/html/Property-Management/vendor/cakephp/cakephp/src/Http/Runner.php, line 73
Cake\Http\Middleware\BodyParserMiddleware::process() /var/www/html/Property-Management/vendor/cakephp/cakephp/src/Http/Middleware/BodyParserMiddleware.php, line 157
Cake\Http\Runner::handle() /var/www/html/Property-Management/vendor/cakephp/cakephp/src/Http/Runner.php, line 73
Cake\Routing\Middleware\RoutingMiddleware::process() /var/www/html/Property-Management/vendor/cakephp/cakephp/src/Routing/Middleware/RoutingMiddleware.php, line 186
Cake\Http\Runner::handle() /var/www/html/Property-Management/vendor/cakephp/cakephp/src/Http/Runner.php, line 73
Cake\Routing\Middleware\AssetMiddleware::process() /var/www/html/Property-Management/vendor/cakephp/cakephp/src/Routing/Middleware/AssetMiddleware.php, line 68
Cake\Http\Runner::handle() /var/www/html/Property-Management/vendor/cakephp/cakephp/src/Http/Runner.php, line 73
Cake\Error\Middleware\ErrorHandlerMiddleware::process() /var/www/html/Property-Management/vendor/cakephp/cakephp/src/Error/Middleware/ErrorHandlerMiddleware.php, line 131
Cake\Http\Runner::handle() /var/www/html/Property-Management/vendor/cakephp/cakephp/src/Http/Runner.php, line 73
DebugKit\Middleware\DebugKitMiddleware::process() /var/www/html/Property-Management/vendor/cakephp/debug_kit/src/Middleware/DebugKitMiddleware.php, line 60
Cake\Http\Runner::handle() /var/www/html/Property-Management/vendor/cakephp/cakephp/src/Http/Runner.php, line 73
Cake\Http\Runner::run() /var/www/html/Property-Management/vendor/cakephp/cakephp/src/Http/Runner.php, line 58
Cake\Http\Server::run() /var/www/html/Property-Management/vendor/cakephp/cakephp/src/Http/Server.php, line 90
[main] /var/www/html/Property-Management/webroot/index.php, line 40

2023-01-31 04:56:24 notice: Undefined property: ErrorController::$viewvars in /var/www/html/Property-Management/src/Controller/AppController.php on line 74
Request URL: /users/signup
Client IP: 127.0.0.1
Trace:
Cake\Controller\Controller::__get() /var/www/html/Property-Management/vendor/cakephp/cakephp/src/Controller/Controller.php, line 337
App\Controller\AppController::beforeRender() /var/www/html/Property-Management/src/Controller/AppController.php, line 74
App\Controller\ErrorController::beforeRender() /var/www/html/Property-Management/src/Controller/ErrorController.php, line 56
Cake\Event\EventManager::_callListener() /var/www/html/Property-Management/vendor/cakephp/cakephp/src/Event/EventManager.php, line 309
Cake\Event\EventManager::dispatch() /var/www/html/Property-Management/vendor/cakephp/cakephp/src/Event/EventManager.php, line 286
Cake\Controller\Controller::dispatchEvent() /var/www/html/Property-Management/vendor/cakephp/cakephp/src/Event/EventDispatcherTrait.php, line 92
Cake\Controller\Controller::render() /var/www/html/Property-Management/vendor/cakephp/cakephp/src/Controller/Controller.php, line 759
Cake\Error\Renderer\WebExceptionRenderer::_outputMessage() /var/www/html/Property-Management/vendor/cakephp/cakephp/src/Error/Renderer/WebExceptionRenderer.php, line 421
Cake\Error\Renderer\WebExceptionRenderer::render() /var/www/html/Property-Management/vendor/cakephp/cakephp/src/Error/Renderer/WebExceptionRenderer.php, line 292
Cake\Error\Middleware\ErrorHandlerMiddleware::handleException() /var/www/html/Property-Management/vendor/cakephp/cakephp/src/Error/Middleware/ErrorHandlerMiddleware.php, line 162
Cake\Error\Middleware\ErrorHandlerMiddleware::process() /var/www/html/Property-Management/vendor/cakephp/cakephp/src/Error/Middleware/ErrorHandlerMiddleware.php, line 135
Cake\Http\Runner::handle() /var/www/html/Property-Management/vendor/cakephp/cakephp/src/Http/Runner.php, line 73
DebugKit\Middleware\DebugKitMiddleware::process() /var/www/html/Property-Management/vendor/cakephp/debug_kit/src/Middleware/DebugKitMiddleware.php, line 60
Cake\Http\Runner::handle() /var/www/html/Property-Management/vendor/cakephp/cakephp/src/Http/Runner.php, line 73
Cake\Http\Runner::run() /var/www/html/Property-Management/vendor/cakephp/cakephp/src/Http/Runner.php, line 58
Cake\Http\Server::run() /var/www/html/Property-Management/vendor/cakephp/cakephp/src/Http/Server.php, line 90
[main] /var/www/html/Property-Management/webroot/index.php, line 40

2023-01-31 04:56:35 notice: Undefined property: ErrorController::$viewvars in /var/www/html/Property-Management/src/Controller/AppController.php on line 74
Request URL: /users/login?redirect=%2Fusers%2F
Client IP: 127.0.0.1
Trace:
Cake\Controller\Controller::__get() /var/www/html/Property-Management/vendor/cakephp/cakephp/src/Controller/Controller.php, line 337
App\Controller\AppController::beforeRender() /var/www/html/Property-Management/src/Controller/AppController.php, line 74
App\Controller\ErrorController::beforeRender() /var/www/html/Property-Management/src/Controller/ErrorController.php, line 56
Cake\Event\EventManager::_callListener() /var/www/html/Property-Management/vendor/cakephp/cakephp/src/Event/EventManager.php, line 309
Cake\Event\EventManager::dispatch() /var/www/html/Property-Management/vendor/cakephp/cakephp/src/Event/EventManager.php, line 286
Cake\Controller\Controller::dispatchEvent() /var/www/html/Property-Management/vendor/cakephp/cakephp/src/Event/EventDispatcherTrait.php, line 92
Cake\Controller\Controller::render() /var/www/html/Property-Management/vendor/cakephp/cakephp/src/Controller/Controller.php, line 759
Cake\Error\Renderer\WebExceptionRenderer::_outputMessage() /var/www/html/Property-Management/vendor/cakephp/cakephp/src/Error/Renderer/WebExceptionRenderer.php, line 421
Cake\Error\Renderer\WebExceptionRenderer::render() /var/www/html/Property-Management/vendor/cakephp/cakephp/src/Error/Renderer/WebExceptionRenderer.php, line 292
Cake\Error\Middleware\ErrorHandlerMiddleware::handleException() /var/www/html/Property-Management/vendor/cakephp/cakephp/src/Error/Middleware/ErrorHandlerMiddleware.php, line 162
Cake\Error\Middleware\ErrorHandlerMiddleware::process() /var/www/html/Property-Management/vendor/cakephp/cakephp/src/Error/Middleware/ErrorHandlerMiddleware.php, line 135
Cake\Http\Runner::handle() /var/www/html/Property-Management/vendor/cakephp/cakephp/src/Http/Runner.php, line 73
DebugKit\Middleware\DebugKitMiddleware::process() /var/www/html/Property-Management/vendor/cakephp/debug_kit/src/Middleware/DebugKitMiddleware.php, line 60
Cake\Http\Runner::handle() /var/www/html/Property-Management/vendor/cakephp/cakephp/src/Http/Runner.php, line 73
Cake\Http\Runner::run() /var/www/html/Property-Management/vendor/cakephp/cakephp/src/Http/Runner.php, line 58
Cake\Http\Server::run() /var/www/html/Property-Management/vendor/cakephp/cakephp/src/Http/Server.php, line 90
[main] /var/www/html/Property-Management/webroot/index.php, line 40

2023-01-31 04:56:53 notice: Undefined property: ErrorController::$viewvars in /var/www/html/Property-Management/src/Controller/AppController.php on line 74
Request URL: /users/login?redirect=%2Fusers%2F
Client IP: 127.0.0.1
Trace:
Cake\Controller\Controller::__get() /var/www/html/Property-Management/vendor/cakephp/cakephp/src/Controller/Controller.php, line 337
App\Controller\AppController::beforeRender() /var/www/html/Property-Management/src/Controller/AppController.php, line 74
App\Controller\ErrorController::beforeRender() /var/www/html/Property-Management/src/Controller/ErrorController.php, line 56
Cake\Event\EventManager::_callListener() /var/www/html/Property-Management/vendor/cakephp/cakephp/src/Event/EventManager.php, line 309
Cake\Event\EventManager::dispatch() /var/www/html/Property-Management/vendor/cakephp/cakephp/src/Event/EventManager.php, line 286
Cake\Controller\Controller::dispatchEvent() /var/www/html/Property-Management/vendor/cakephp/cakephp/src/Event/EventDispatcherTrait.php, line 92
Cake\Controller\Controller::render() /var/www/html/Property-Management/vendor/cakephp/cakephp/src/Controller/Controller.php, line 759
Cake\Error\Renderer\WebExceptionRenderer::_outputMessage() /var/www/html/Property-Management/vendor/cakephp/cakephp/src/Error/Renderer/WebExceptionRenderer.php, line 421
Cake\Error\Renderer\WebExceptionRenderer::render() /var/www/html/Property-Management/vendor/cakephp/cakephp/src/Error/Renderer/WebExceptionRenderer.php, line 292
Cake\Error\Middleware\ErrorHandlerMiddleware::handleException() /var/www/html/Property-Management/vendor/cakephp/cakephp/src/Error/Middleware/ErrorHandlerMiddleware.php, line 162
Cake\Error\Middleware\ErrorHandlerMiddleware::process() /var/www/html/Property-Management/vendor/cakephp/cakephp/src/Error/Middleware/ErrorHandlerMiddleware.php, line 135
Cake\Http\Runner::handle() /var/www/html/Property-Management/vendor/cakephp/cakephp/src/Http/Runner.php, line 73
DebugKit\Middleware\DebugKitMiddleware::process() /var/www/html/Property-Management/vendor/cakephp/debug_kit/src/Middleware/DebugKitMiddleware.php, line 60
Cake\Http\Runner::handle() /var/www/html/Property-Management/vendor/cakephp/cakephp/src/Http/Runner.php, line 73
Cake\Http\Runner::run() /var/www/html/Property-Management/vendor/cakephp/cakephp/src/Http/Runner.php, line 58
Cake\Http\Server::run() /var/www/html/Property-Management/vendor/cakephp/cakephp/src/Http/Server.php, line 90
[main] /var/www/html/Property-Management/webroot/index.php, line 40

2023-01-31 04:57:00 notice: Undefined property: ErrorController::$viewvars in /var/www/html/Property-Management/src/Controller/AppController.php on line 74
Request URL: /users/login
Client IP: 127.0.0.1
Trace:
Cake\Controller\Controller::__get() /var/www/html/Property-Management/vendor/cakephp/cakephp/src/Controller/Controller.php, line 337
App\Controller\AppController::beforeRender() /var/www/html/Property-Management/src/Controller/AppController.php, line 74
App\Controller\ErrorController::beforeRender() /var/www/html/Property-Management/src/Controller/ErrorController.php, line 56
Cake\Event\EventManager::_callListener() /var/www/html/Property-Management/vendor/cakephp/cakephp/src/Event/EventManager.php, line 309
Cake\Event\EventManager::dispatch() /var/www/html/Property-Management/vendor/cakephp/cakephp/src/Event/EventManager.php, line 286
Cake\Controller\Controller::dispatchEvent() /var/www/html/Property-Management/vendor/cakephp/cakephp/src/Event/EventDispatcherTrait.php, line 92
Cake\Controller\Controller::render() /var/www/html/Property-Management/vendor/cakephp/cakephp/src/Controller/Controller.php, line 759
Cake\Error\Renderer\WebExceptionRenderer::_outputMessage() /var/www/html/Property-Management/vendor/cakephp/cakephp/src/Error/Renderer/WebExceptionRenderer.php, line 421
Cake\Error\Renderer\WebExceptionRenderer::render() /var/www/html/Property-Management/vendor/cakephp/cakephp/src/Error/Renderer/WebExceptionRenderer.php, line 292
Cake\Error\Middleware\ErrorHandlerMiddleware::handleException() /var/www/html/Property-Management/vendor/cakephp/cakephp/src/Error/Middleware/ErrorHandlerMiddleware.php, line 162
Cake\Error\Middleware\ErrorHandlerMiddleware::process() /var/www/html/Property-Management/vendor/cakephp/cakephp/src/Error/Middleware/ErrorHandlerMiddleware.php, line 135
Cake\Http\Runner::handle() /var/www/html/Property-Management/vendor/cakephp/cakephp/src/Http/Runner.php, line 73
DebugKit\Middleware\DebugKitMiddleware::process() /var/www/html/Property-Management/vendor/cakephp/debug_kit/src/Middleware/DebugKitMiddleware.php, line 60
Cake\Http\Runner::handle() /var/www/html/Property-Management/vendor/cakephp/cakephp/src/Http/Runner.php, line 73
Cake\Http\Runner::run() /var/www/html/Property-Management/vendor/cakephp/cakephp/src/Http/Runner.php, line 58
Cake\Http\Server::run() /var/www/html/Property-Management/vendor/cakephp/cakephp/src/Http/Server.php, line 90
[main] /var/www/html/Property-Management/webroot/index.php, line 40

2023-01-31 04:57:16 notice: Undefined property: ErrorController::$viewvars in /var/www/html/Property-Management/src/Controller/AppController.php on line 74
Request URL: /users/login
Client IP: 127.0.0.1
Trace:
Cake\Controller\Controller::__get() /var/www/html/Property-Management/vendor/cakephp/cakephp/src/Controller/Controller.php, line 337
App\Controller\AppController::beforeRender() /var/www/html/Property-Management/src/Controller/AppController.php, line 74
App\Controller\ErrorController::beforeRender() /var/www/html/Property-Management/src/Controller/ErrorController.php, line 56
Cake\Event\EventManager::_callListener() /var/www/html/Property-Management/vendor/cakephp/cakephp/src/Event/EventManager.php, line 309
Cake\Event\EventManager::dispatch() /var/www/html/Property-Management/vendor/cakephp/cakephp/src/Event/EventManager.php, line 286
Cake\Controller\Controller::dispatchEvent() /var/www/html/Property-Management/vendor/cakephp/cakephp/src/Event/EventDispatcherTrait.php, line 92
Cake\Controller\Controller::render() /var/www/html/Property-Management/vendor/cakephp/cakephp/src/Controller/Controller.php, line 759
Cake\Error\Renderer\WebExceptionRenderer::_outputMessage() /var/www/html/Property-Management/vendor/cakephp/cakephp/src/Error/Renderer/WebExceptionRenderer.php, line 421
Cake\Error\Renderer\WebExceptionRenderer::render() /var/www/html/Property-Management/vendor/cakephp/cakephp/src/Error/Renderer/WebExceptionRenderer.php, line 292
Cake\Error\Middleware\ErrorHandlerMiddleware::handleException() /var/www/html/Property-Management/vendor/cakephp/cakephp/src/Error/Middleware/ErrorHandlerMiddleware.php, line 162
Cake\Error\Middleware\ErrorHandlerMiddleware::process() /var/www/html/Property-Management/vendor/cakephp/cakephp/src/Error/Middleware/ErrorHandlerMiddleware.php, line 135
Cake\Http\Runner::handle() /var/www/html/Property-Management/vendor/cakephp/cakephp/src/Http/Runner.php, line 73
DebugKit\Middleware\DebugKitMiddleware::process() /var/www/html/Property-Management/vendor/cakephp/debug_kit/src/Middleware/DebugKitMiddleware.php, line 60
Cake\Http\Runner::handle() /var/www/html/Property-Management/vendor/cakephp/cakephp/src/Http/Runner.php, line 73
Cake\Http\Runner::run() /var/www/html/Property-Management/vendor/cakephp/cakephp/src/Http/Runner.php, line 58
Cake\Http\Server::run() /var/www/html/Property-Management/vendor/cakephp/cakephp/src/Http/Server.php, line 90
[main] /var/www/html/Property-Management/webroot/index.php, line 40

2023-01-31 04:57:25 notice: Undefined property: ErrorController::$viewvars in /var/www/html/Property-Management/src/Controller/AppController.php on line 74
Request URL: /users/login?redirect=%2Fusers
Client IP: 127.0.0.1
Trace:
Cake\Controller\Controller::__get() /var/www/html/Property-Management/vendor/cakephp/cakephp/src/Controller/Controller.php, line 337
App\Controller\AppController::beforeRender() /var/www/html/Property-Management/src/Controller/AppController.php, line 74
App\Controller\ErrorController::beforeRender() /var/www/html/Property-Management/src/Controller/ErrorController.php, line 56
Cake\Event\EventManager::_callListener() /var/www/html/Property-Management/vendor/cakephp/cakephp/src/Event/EventManager.php, line 309
Cake\Event\EventManager::dispatch() /var/www/html/Property-Management/vendor/cakephp/cakephp/src/Event/EventManager.php, line 286
Cake\Controller\Controller::dispatchEvent() /var/www/html/Property-Management/vendor/cakephp/cakephp/src/Event/EventDispatcherTrait.php, line 92
Cake\Controller\Controller::render() /var/www/html/Property-Management/vendor/cakephp/cakephp/src/Controller/Controller.php, line 759
Cake\Error\Renderer\WebExceptionRenderer::_outputMessage() /var/www/html/Property-Management/vendor/cakephp/cakephp/src/Error/Renderer/WebExceptionRenderer.php, line 421
Cake\Error\Renderer\WebExceptionRenderer::render() /var/www/html/Property-Management/vendor/cakephp/cakephp/src/Error/Renderer/WebExceptionRenderer.php, line 292
Cake\Error\Middleware\ErrorHandlerMiddleware::handleException() /var/www/html/Property-Management/vendor/cakephp/cakephp/src/Error/Middleware/ErrorHandlerMiddleware.php, line 162
Cake\Error\Middleware\ErrorHandlerMiddleware::process() /var/www/html/Property-Management/vendor/cakephp/cakephp/src/Error/Middleware/ErrorHandlerMiddleware.php, line 135
Cake\Http\Runner::handle() /var/www/html/Property-Management/vendor/cakephp/cakephp/src/Http/Runner.php, line 73
DebugKit\Middleware\DebugKitMiddleware::process() /var/www/html/Property-Management/vendor/cakephp/debug_kit/src/Middleware/DebugKitMiddleware.php, line 60
Cake\Http\Runner::handle() /var/www/html/Property-Management/vendor/cakephp/cakephp/src/Http/Runner.php, line 73
Cake\Http\Runner::run() /var/www/html/Property-Management/vendor/cakephp/cakephp/src/Http/Runner.php, line 58
Cake\Http\Server::run() /var/www/html/Property-Management/vendor/cakephp/cakephp/src/Http/Server.php, line 90
[main] /var/www/html/Property-Management/webroot/index.php, line 40

2023-01-31 04:57:46 notice: Undefined property: ErrorController::$viewvars in /var/www/html/Property-Management/src/Controller/AppController.php on line 74
Request URL: /users/login
Client IP: 127.0.0.1
Trace:
Cake\Controller\Controller::__get() /var/www/html/Property-Management/vendor/cakephp/cakephp/src/Controller/Controller.php, line 337
App\Controller\AppController::beforeRender() /var/www/html/Property-Management/src/Controller/AppController.php, line 74
App\Controller\ErrorController::beforeRender() /var/www/html/Property-Management/src/Controller/ErrorController.php, line 56
Cake\Event\EventManager::_callListener() /var/www/html/Property-Management/vendor/cakephp/cakephp/src/Event/EventManager.php, line 309
Cake\Event\EventManager::dispatch() /var/www/html/Property-Management/vendor/cakephp/cakephp/src/Event/EventManager.php, line 286
Cake\Controller\Controller::dispatchEvent() /var/www/html/Property-Management/vendor/cakephp/cakephp/src/Event/EventDispatcherTrait.php, line 92
Cake\Controller\Controller::render() /var/www/html/Property-Management/vendor/cakephp/cakephp/src/Controller/Controller.php, line 759
Cake\Error\Renderer\WebExceptionRenderer::_outputMessage() /var/www/html/Property-Management/vendor/cakephp/cakephp/src/Error/Renderer/WebExceptionRenderer.php, line 421
Cake\Error\Renderer\WebExceptionRenderer::render() /var/www/html/Property-Management/vendor/cakephp/cakephp/src/Error/Renderer/WebExceptionRenderer.php, line 292
Cake\Error\Middleware\ErrorHandlerMiddleware::handleException() /var/www/html/Property-Management/vendor/cakephp/cakephp/src/Error/Middleware/ErrorHandlerMiddleware.php, line 162
Cake\Error\Middleware\ErrorHandlerMiddleware::process() /var/www/html/Property-Management/vendor/cakephp/cakephp/src/Error/Middleware/ErrorHandlerMiddleware.php, line 135
Cake\Http\Runner::handle() /var/www/html/Property-Management/vendor/cakephp/cakephp/src/Http/Runner.php, line 73
DebugKit\Middleware\DebugKitMiddleware::process() /var/www/html/Property-Management/vendor/cakephp/debug_kit/src/Middleware/DebugKitMiddleware.php, line 60
Cake\Http\Runner::handle() /var/www/html/Property-Management/vendor/cakephp/cakephp/src/Http/Runner.php, line 73
Cake\Http\Runner::run() /var/www/html/Property-Management/vendor/cakephp/cakephp/src/Http/Runner.php, line 58
Cake\Http\Server::run() /var/www/html/Property-Management/vendor/cakephp/cakephp/src/Http/Server.php, line 90
[main] /var/www/html/Property-Management/webroot/index.php, line 40

2023-01-31 04:58:14 notice: Undefined property: ErrorController::$viewvars in /var/www/html/Property-Management/src/Controller/AppController.php on line 74
Request URL: /users/login
Client IP: 127.0.0.1
Trace:
Cake\Controller\Controller::__get() /var/www/html/Property-Management/vendor/cakephp/cakephp/src/Controller/Controller.php, line 337
App\Controller\AppController::beforeRender() /var/www/html/Property-Management/src/Controller/AppController.php, line 74
App\Controller\ErrorController::beforeRender() /var/www/html/Property-Management/src/Controller/ErrorController.php, line 56
Cake\Event\EventManager::_callListener() /var/www/html/Property-Management/vendor/cakephp/cakephp/src/Event/EventManager.php, line 309
Cake\Event\EventManager::dispatch() /var/www/html/Property-Management/vendor/cakephp/cakephp/src/Event/EventManager.php, line 286
Cake\Controller\Controller::dispatchEvent() /var/www/html/Property-Management/vendor/cakephp/cakephp/src/Event/EventDispatcherTrait.php, line 92
Cake\Controller\Controller::render() /var/www/html/Property-Management/vendor/cakephp/cakephp/src/Controller/Controller.php, line 759
Cake\Error\Renderer\WebExceptionRenderer::_outputMessage() /var/www/html/Property-Management/vendor/cakephp/cakephp/src/Error/Renderer/WebExceptionRenderer.php, line 421
Cake\Error\Renderer\WebExceptionRenderer::render() /var/www/html/Property-Management/vendor/cakephp/cakephp/src/Error/Renderer/WebExceptionRenderer.php, line 292
Cake\Error\Middleware\ErrorHandlerMiddleware::handleException() /var/www/html/Property-Management/vendor/cakephp/cakephp/src/Error/Middleware/ErrorHandlerMiddleware.php, line 162
Cake\Error\Middleware\ErrorHandlerMiddleware::process() /var/www/html/Property-Management/vendor/cakephp/cakephp/src/Error/Middleware/ErrorHandlerMiddleware.php, line 135
Cake\Http\Runner::handle() /var/www/html/Property-Management/vendor/cakephp/cakephp/src/Http/Runner.php, line 73
DebugKit\Middleware\DebugKitMiddleware::process() /var/www/html/Property-Management/vendor/cakephp/debug_kit/src/Middleware/DebugKitMiddleware.php, line 60
Cake\Http\Runner::handle() /var/www/html/Property-Management/vendor/cakephp/cakephp/src/Http/Runner.php, line 73
Cake\Http\Runner::run() /var/www/html/Property-Management/vendor/cakephp/cakephp/src/Http/Runner.php, line 58
Cake\Http\Server::run() /var/www/html/Property-Management/vendor/cakephp/cakephp/src/Http/Server.php, line 90
[main] /var/www/html/Property-Management/webroot/index.php, line 40

2023-01-31 04:58:30 notice: Undefined property: UsersController::$viewvars in /var/www/html/Property-Management/src/Controller/AppController.php on line 74
Request URL: /users/userLogin
Client IP: 127.0.0.1
Trace:
Cake\Controller\Controller::__get() /var/www/html/Property-Management/vendor/cakephp/cakephp/src/Controller/Controller.php, line 337
App\Controller\AppController::beforeRender() /var/www/html/Property-Management/src/Controller/AppController.php, line 74
Cake\Event\EventManager::_callListener() /var/www/html/Property-Management/vendor/cakephp/cakephp/src/Event/EventManager.php, line 309
Cake\Event\EventManager::dispatch() /var/www/html/Property-Management/vendor/cakephp/cakephp/src/Event/EventManager.php, line 286
Cake\Controller\Controller::dispatchEvent() /var/www/html/Property-Management/vendor/cakephp/cakephp/src/Event/EventDispatcherTrait.php, line 92
Cake\Controller\Controller::render() /var/www/html/Property-Management/vendor/cakephp/cakephp/src/Controller/Controller.php, line 759
Cake\Controller\Controller::invokeAction() /var/www/html/Property-Management/vendor/cakephp/cakephp/src/Controller/Controller.php, line 556
Cake\Controller\ControllerFactory::handle() /var/www/html/Property-Management/vendor/cakephp/cakephp/src/Controller/ControllerFactory.php, line 139
Cake\Controller\ControllerFactory::invoke() /var/www/html/Property-Management/vendor/cakephp/cakephp/src/Controller/ControllerFactory.php, line 114
Cake\Http\BaseApplication::handle() /var/www/html/Property-Management/vendor/cakephp/cakephp/src/Http/BaseApplication.php, line 320
Cake\Http\Runner::handle() /var/www/html/Property-Management/vendor/cakephp/cakephp/src/Http/Runner.php, line 77
Cake\Http\Middleware\CsrfProtectionMiddleware::process() /var/www/html/Property-Management/vendor/cakephp/cakephp/src/Http/Middleware/CsrfProtectionMiddleware.php, line 174
Cake\Http\Runner::handle() /var/www/html/Property-Management/vendor/cakephp/cakephp/src/Http/Runner.php, line 73
Cake\Http\Middleware\BodyParserMiddleware::process() /var/www/html/Property-Management/vendor/cakephp/cakephp/src/Http/Middleware/BodyParserMiddleware.php, line 157
Cake\Http\Runner::handle() /var/www/html/Property-Management/vendor/cakephp/cakephp/src/Http/Runner.php, line 73
Cake\Routing\Middleware\RoutingMiddleware::process() /var/www/html/Property-Management/vendor/cakephp/cakephp/src/Routing/Middleware/RoutingMiddleware.php, line 186
Cake\Http\Runner::handle() /var/www/html/Property-Management/vendor/cakephp/cakephp/src/Http/Runner.php, line 73
Cake\Routing\Middleware\AssetMiddleware::process() /var/www/html/Property-Management/vendor/cakephp/cakephp/src/Routing/Middleware/AssetMiddleware.php, line 68
Cake\Http\Runner::handle() /var/www/html/Property-Management/vendor/cakephp/cakephp/src/Http/Runner.php, line 73
Cake\Error\Middleware\ErrorHandlerMiddleware::process() /var/www/html/Property-Management/vendor/cakephp/cakephp/src/Error/Middleware/ErrorHandlerMiddleware.php, line 131
Cake\Http\Runner::handle() /var/www/html/Property-Management/vendor/cakephp/cakephp/src/Http/Runner.php, line 73
DebugKit\Middleware\DebugKitMiddleware::process() /var/www/html/Property-Management/vendor/cakephp/debug_kit/src/Middleware/DebugKitMiddleware.php, line 60
Cake\Http\Runner::handle() /var/www/html/Property-Management/vendor/cakephp/cakephp/src/Http/Runner.php, line 73
Cake\Http\Runner::run() /var/www/html/Property-Management/vendor/cakephp/cakephp/src/Http/Runner.php, line 58
Cake\Http\Server::run() /var/www/html/Property-Management/vendor/cakephp/cakephp/src/Http/Server.php, line 90
[main] /var/www/html/Property-Management/webroot/index.php, line 40

2023-01-31 04:58:30 notice: Undefined property: ErrorController::$viewvars in /var/www/html/Property-Management/src/Controller/AppController.php on line 74
Request URL: /users/userLogin
Client IP: 127.0.0.1
Trace:
Cake\Controller\Controller::__get() /var/www/html/Property-Management/vendor/cakephp/cakephp/src/Controller/Controller.php, line 337
App\Controller\AppController::beforeRender() /var/www/html/Property-Management/src/Controller/AppController.php, line 74
App\Controller\ErrorController::beforeRender() /var/www/html/Property-Management/src/Controller/ErrorController.php, line 56
Cake\Event\EventManager::_callListener() /var/www/html/Property-Management/vendor/cakephp/cakephp/src/Event/EventManager.php, line 309
Cake\Event\EventManager::dispatch() /var/www/html/Property-Management/vendor/cakephp/cakephp/src/Event/EventManager.php, line 286
Cake\Controller\Controller::dispatchEvent() /var/www/html/Property-Management/vendor/cakephp/cakephp/src/Event/EventDispatcherTrait.php, line 92
Cake\Controller\Controller::render() /var/www/html/Property-Management/vendor/cakephp/cakephp/src/Controller/Controller.php, line 759
Cake\Error\Renderer\WebExceptionRenderer::_outputMessage() /var/www/html/Property-Management/vendor/cakephp/cakephp/src/Error/Renderer/WebExceptionRenderer.php, line 421
Cake\Error\Renderer\WebExceptionRenderer::render() /var/www/html/Property-Management/vendor/cakephp/cakephp/src/Error/Renderer/WebExceptionRenderer.php, line 292
Cake\Error\Middleware\ErrorHandlerMiddleware::handleException() /var/www/html/Property-Management/vendor/cakephp/cakephp/src/Error/Middleware/ErrorHandlerMiddleware.php, line 162
Cake\Error\Middleware\ErrorHandlerMiddleware::process() /var/www/html/Property-Management/vendor/cakephp/cakephp/src/Error/Middleware/ErrorHandlerMiddleware.php, line 135
Cake\Http\Runner::handle() /var/www/html/Property-Management/vendor/cakephp/cakephp/src/Http/Runner.php, line 73
DebugKit\Middleware\DebugKitMiddleware::process() /var/www/html/Property-Management/vendor/cakephp/debug_kit/src/Middleware/DebugKitMiddleware.php, line 60
Cake\Http\Runner::handle() /var/www/html/Property-Management/vendor/cakephp/cakephp/src/Http/Runner.php, line 73
Cake\Http\Runner::run() /var/www/html/Property-Management/vendor/cakephp/cakephp/src/Http/Runner.php, line 58
Cake\Http\Server::run() /var/www/html/Property-Management/vendor/cakephp/cakephp/src/Http/Server.php, line 90
[main] /var/www/html/Property-Management/webroot/index.php, line 40

2023-01-31 06:06:27 notice: Undefined property: UsersController::$viewvars in /var/www/html/Property-Management/src/Controller/AppController.php on line 74
Request URL: /users/user-login
Client IP: 127.0.0.1
Trace:
Cake\Controller\Controller::__get() /var/www/html/Property-Management/vendor/cakephp/cakephp/src/Controller/Controller.php, line 337
App\Controller\AppController::beforeRender() /var/www/html/Property-Management/src/Controller/AppController.php, line 74
Cake\Event\EventManager::_callListener() /var/www/html/Property-Management/vendor/cakephp/cakephp/src/Event/EventManager.php, line 309
Cake\Event\EventManager::dispatch() /var/www/html/Property-Management/vendor/cakephp/cakephp/src/Event/EventManager.php, line 286
Cake\Controller\Controller::dispatchEvent() /var/www/html/Property-Management/vendor/cakephp/cakephp/src/Event/EventDispatcherTrait.php, line 92
Cake\Controller\Controller::render() /var/www/html/Property-Management/vendor/cakephp/cakephp/src/Controller/Controller.php, line 759
Cake\Controller\Controller::invokeAction() /var/www/html/Property-Management/vendor/cakephp/cakephp/src/Controller/Controller.php, line 556
Cake\Controller\ControllerFactory::handle() /var/www/html/Property-Management/vendor/cakephp/cakephp/src/Controller/ControllerFactory.php, line 139
Cake\Controller\ControllerFactory::invoke() /var/www/html/Property-Management/vendor/cakephp/cakephp/src/Controller/ControllerFactory.php, line 114
Cake\Http\BaseApplication::handle() /var/www/html/Property-Management/vendor/cakephp/cakephp/src/Http/BaseApplication.php, line 320
Cake\Http\Runner::handle() /var/www/html/Property-Management/vendor/cakephp/cakephp/src/Http/Runner.php, line 77
Cake\Http\Middleware\CsrfProtectionMiddleware::process() /var/www/html/Property-Management/vendor/cakephp/cakephp/src/Http/Middleware/CsrfProtectionMiddleware.php, line 174
Cake\Http\Runner::handle() /var/www/html/Property-Management/vendor/cakephp/cakephp/src/Http/Runner.php, line 73
Cake\Http\Middleware\BodyParserMiddleware::process() /var/www/html/Property-Management/vendor/cakephp/cakephp/src/Http/Middleware/BodyParserMiddleware.php, line 157
Cake\Http\Runner::handle() /var/www/html/Property-Management/vendor/cakephp/cakephp/src/Http/Runner.php, line 73
Cake\Routing\Middleware\RoutingMiddleware::process() /var/www/html/Property-Management/vendor/cakephp/cakephp/src/Routing/Middleware/RoutingMiddleware.php, line 186
Cake\Http\Runner::handle() /var/www/html/Property-Management/vendor/cakephp/cakephp/src/Http/Runner.php, line 73
Cake\Routing\Middleware\AssetMiddleware::process() /var/www/html/Property-Management/vendor/cakephp/cakephp/src/Routing/Middleware/AssetMiddleware.php, line 68
Cake\Http\Runner::handle() /var/www/html/Property-Management/vendor/cakephp/cakephp/src/Http/Runner.php, line 73
Cake\Error\Middleware\ErrorHandlerMiddleware::process() /var/www/html/Property-Management/vendor/cakephp/cakephp/src/Error/Middleware/ErrorHandlerMiddleware.php, line 131
Cake\Http\Runner::handle() /var/www/html/Property-Management/vendor/cakephp/cakephp/src/Http/Runner.php, line 73
DebugKit\Middleware\DebugKitMiddleware::process() /var/www/html/Property-Management/vendor/cakephp/debug_kit/src/Middleware/DebugKitMiddleware.php, line 60
Cake\Http\Runner::handle() /var/www/html/Property-Management/vendor/cakephp/cakephp/src/Http/Runner.php, line 73
Cake\Http\Runner::run() /var/www/html/Property-Management/vendor/cakephp/cakephp/src/Http/Runner.php, line 58
Cake\Http\Server::run() /var/www/html/Property-Management/vendor/cakephp/cakephp/src/Http/Server.php, line 90
[main] /var/www/html/Property-Management/webroot/index.php, line 40

2023-01-31 06:06:27 notice: Undefined property: ErrorController::$viewvars in /var/www/html/Property-Management/src/Controller/AppController.php on line 74
Request URL: /users/user-login
Client IP: 127.0.0.1
Trace:
Cake\Controller\Controller::__get() /var/www/html/Property-Management/vendor/cakephp/cakephp/src/Controller/Controller.php, line 337
App\Controller\AppController::beforeRender() /var/www/html/Property-Management/src/Controller/AppController.php, line 74
App\Controller\ErrorController::beforeRender() /var/www/html/Property-Management/src/Controller/ErrorController.php, line 56
Cake\Event\EventManager::_callListener() /var/www/html/Property-Management/vendor/cakephp/cakephp/src/Event/EventManager.php, line 309
Cake\Event\EventManager::dispatch() /var/www/html/Property-Management/vendor/cakephp/cakephp/src/Event/EventManager.php, line 286
Cake\Controller\Controller::dispatchEvent() /var/www/html/Property-Management/vendor/cakephp/cakephp/src/Event/EventDispatcherTrait.php, line 92
Cake\Controller\Controller::render() /var/www/html/Property-Management/vendor/cakephp/cakephp/src/Controller/Controller.php, line 759
Cake\Error\Renderer\WebExceptionRenderer::_outputMessage() /var/www/html/Property-Management/vendor/cakephp/cakephp/src/Error/Renderer/WebExceptionRenderer.php, line 421
Cake\Error\Renderer\WebExceptionRenderer::render() /var/www/html/Property-Management/vendor/cakephp/cakephp/src/Error/Renderer/WebExceptionRenderer.php, line 292
Cake\Error\Middleware\ErrorHandlerMiddleware::handleException() /var/www/html/Property-Management/vendor/cakephp/cakephp/src/Error/Middleware/ErrorHandlerMiddleware.php, line 162
Cake\Error\Middleware\ErrorHandlerMiddleware::process() /var/www/html/Property-Management/vendor/cakephp/cakephp/src/Error/Middleware/ErrorHandlerMiddleware.php, line 135
Cake\Http\Runner::handle() /var/www/html/Property-Management/vendor/cakephp/cakephp/src/Http/Runner.php, line 73
DebugKit\Middleware\DebugKitMiddleware::process() /var/www/html/Property-Management/vendor/cakephp/debug_kit/src/Middleware/DebugKitMiddleware.php, line 60
Cake\Http\Runner::handle() /var/www/html/Property-Management/vendor/cakephp/cakephp/src/Http/Runner.php, line 73
Cake\Http\Runner::run() /var/www/html/Property-Management/vendor/cakephp/cakephp/src/Http/Runner.php, line 58
Cake\Http\Server::run() /var/www/html/Property-Management/vendor/cakephp/cakephp/src/Http/Server.php, line 90
[main] /var/www/html/Property-Management/webroot/index.php, line 40

2023-01-31 06:07:27 notice: Undefined property: UsersController::$viewvars in /var/www/html/Property-Management/src/Controller/AppController.php on line 74
Request URL: /users/user-login
Client IP: 127.0.0.1
Trace:
Cake\Controller\Controller::__get() /var/www/html/Property-Management/vendor/cakephp/cakephp/src/Controller/Controller.php, line 337
App\Controller\AppController::beforeRender() /var/www/html/Property-Management/src/Controller/AppController.php, line 74
Cake\Event\EventManager::_callListener() /var/www/html/Property-Management/vendor/cakephp/cakephp/src/Event/EventManager.php, line 309
Cake\Event\EventManager::dispatch() /var/www/html/Property-Management/vendor/cakephp/cakephp/src/Event/EventManager.php, line 286
Cake\Controller\Controller::dispatchEvent() /var/www/html/Property-Management/vendor/cakephp/cakephp/src/Event/EventDispatcherTrait.php, line 92
Cake\Controller\Controller::render() /var/www/html/Property-Management/vendor/cakephp/cakephp/src/Controller/Controller.php, line 759
Cake\Controller\Controller::invokeAction() /var/www/html/Property-Management/vendor/cakephp/cakephp/src/Controller/Controller.php, line 556
Cake\Controller\ControllerFactory::handle() /var/www/html/Property-Management/vendor/cakephp/cakephp/src/Controller/ControllerFactory.php, line 139
Cake\Controller\ControllerFactory::invoke() /var/www/html/Property-Management/vendor/cakephp/cakephp/src/Controller/ControllerFactory.php, line 114
Cake\Http\BaseApplication::handle() /var/www/html/Property-Management/vendor/cakephp/cakephp/src/Http/BaseApplication.php, line 320
Cake\Http\Runner::handle() /var/www/html/Property-Management/vendor/cakephp/cakephp/src/Http/Runner.php, line 77
Cake\Http\Middleware\CsrfProtectionMiddleware::process() /var/www/html/Property-Management/vendor/cakephp/cakephp/src/Http/Middleware/CsrfProtectionMiddleware.php, line 174
Cake\Http\Runner::handle() /var/www/html/Property-Management/vendor/cakephp/cakephp/src/Http/Runner.php, line 73
Cake\Http\Middleware\BodyParserMiddleware::process() /var/www/html/Property-Management/vendor/cakephp/cakephp/src/Http/Middleware/BodyParserMiddleware.php, line 157
Cake\Http\Runner::handle() /var/www/html/Property-Management/vendor/cakephp/cakephp/src/Http/Runner.php, line 73
Cake\Routing\Middleware\RoutingMiddleware::process() /var/www/html/Property-Management/vendor/cakephp/cakephp/src/Routing/Middleware/RoutingMiddleware.php, line 186
Cake\Http\Runner::handle() /var/www/html/Property-Management/vendor/cakephp/cakephp/src/Http/Runner.php, line 73
Cake\Routing\Middleware\AssetMiddleware::process() /var/www/html/Property-Management/vendor/cakephp/cakephp/src/Routing/Middleware/AssetMiddleware.php, line 68
Cake\Http\Runner::handle() /var/www/html/Property-Management/vendor/cakephp/cakephp/src/Http/Runner.php, line 73
Cake\Error\Middleware\ErrorHandlerMiddleware::process() /var/www/html/Property-Management/vendor/cakephp/cakephp/src/Error/Middleware/ErrorHandlerMiddleware.php, line 131
Cake\Http\Runner::handle() /var/www/html/Property-Management/vendor/cakephp/cakephp/src/Http/Runner.php, line 73
DebugKit\Middleware\DebugKitMiddleware::process() /var/www/html/Property-Management/vendor/cakephp/debug_kit/src/Middleware/DebugKitMiddleware.php, line 60
Cake\Http\Runner::handle() /var/www/html/Property-Management/vendor/cakephp/cakephp/src/Http/Runner.php, line 73
Cake\Http\Runner::run() /var/www/html/Property-Management/vendor/cakephp/cakephp/src/Http/Runner.php, line 58
Cake\Http\Server::run() /var/www/html/Property-Management/vendor/cakephp/cakephp/src/Http/Server.php, line 90
[main] /var/www/html/Property-Management/webroot/index.php, line 40

2023-01-31 06:07:27 notice: Undefined property: ErrorController::$viewvars in /var/www/html/Property-Management/src/Controller/AppController.php on line 74
Request URL: /users/user-login
Client IP: 127.0.0.1
Trace:
Cake\Controller\Controller::__get() /var/www/html/Property-Management/vendor/cakephp/cakephp/src/Controller/Controller.php, line 337
App\Controller\AppController::beforeRender() /var/www/html/Property-Management/src/Controller/AppController.php, line 74
App\Controller\ErrorController::beforeRender() /var/www/html/Property-Management/src/Controller/ErrorController.php, line 56
Cake\Event\EventManager::_callListener() /var/www/html/Property-Management/vendor/cakephp/cakephp/src/Event/EventManager.php, line 309
Cake\Event\EventManager::dispatch() /var/www/html/Property-Management/vendor/cakephp/cakephp/src/Event/EventManager.php, line 286
Cake\Controller\Controller::dispatchEvent() /var/www/html/Property-Management/vendor/cakephp/cakephp/src/Event/EventDispatcherTrait.php, line 92
Cake\Controller\Controller::render() /var/www/html/Property-Management/vendor/cakephp/cakephp/src/Controller/Controller.php, line 759
Cake\Error\Renderer\WebExceptionRenderer::_outputMessage() /var/www/html/Property-Management/vendor/cakephp/cakephp/src/Error/Renderer/WebExceptionRenderer.php, line 421
Cake\Error\Renderer\WebExceptionRenderer::render() /var/www/html/Property-Management/vendor/cakephp/cakephp/src/Error/Renderer/WebExceptionRenderer.php, line 292
Cake\Error\Middleware\ErrorHandlerMiddleware::handleException() /var/www/html/Property-Management/vendor/cakephp/cakephp/src/Error/Middleware/ErrorHandlerMiddleware.php, line 162
Cake\Error\Middleware\ErrorHandlerMiddleware::process() /var/www/html/Property-Management/vendor/cakephp/cakephp/src/Error/Middleware/ErrorHandlerMiddleware.php, line 135
Cake\Http\Runner::handle() /var/www/html/Property-Management/vendor/cakephp/cakephp/src/Http/Runner.php, line 73
DebugKit\Middleware\DebugKitMiddleware::process() /var/www/html/Property-Management/vendor/cakephp/debug_kit/src/Middleware/DebugKitMiddleware.php, line 60
Cake\Http\Runner::handle() /var/www/html/Property-Management/vendor/cakephp/cakephp/src/Http/Runner.php, line 73
Cake\Http\Runner::run() /var/www/html/Property-Management/vendor/cakephp/cakephp/src/Http/Runner.php, line 58
Cake\Http\Server::run() /var/www/html/Property-Management/vendor/cakephp/cakephp/src/Http/Server.php, line 90
[main] /var/www/html/Property-Management/webroot/index.php, line 40

2023-01-31 06:07:51 notice: Undefined property: UsersController::$viewvars in /var/www/html/Property-Management/src/Controller/AppController.php on line 74
Request URL: /users/user-login
Client IP: 127.0.0.1
Trace:
Cake\Controller\Controller::__get() /var/www/html/Property-Management/vendor/cakephp/cakephp/src/Controller/Controller.php, line 337
App\Controller\AppController::beforeRender() /var/www/html/Property-Management/src/Controller/AppController.php, line 74
Cake\Event\EventManager::_callListener() /var/www/html/Property-Management/vendor/cakephp/cakephp/src/Event/EventManager.php, line 309
Cake\Event\EventManager::dispatch() /var/www/html/Property-Management/vendor/cakephp/cakephp/src/Event/EventManager.php, line 286
Cake\Controller\Controller::dispatchEvent() /var/www/html/Property-Management/vendor/cakephp/cakephp/src/Event/EventDispatcherTrait.php, line 92
Cake\Controller\Controller::render() /var/www/html/Property-Management/vendor/cakephp/cakephp/src/Controller/Controller.php, line 759
Cake\Controller\Controller::invokeAction() /var/www/html/Property-Management/vendor/cakephp/cakephp/src/Controller/Controller.php, line 556
Cake\Controller\ControllerFactory::handle() /var/www/html/Property-Management/vendor/cakephp/cakephp/src/Controller/ControllerFactory.php, line 139
Cake\Controller\ControllerFactory::invoke() /var/www/html/Property-Management/vendor/cakephp/cakephp/src/Controller/ControllerFactory.php, line 114
Cake\Http\BaseApplication::handle() /var/www/html/Property-Management/vendor/cakephp/cakephp/src/Http/BaseApplication.php, line 320
Cake\Http\Runner::handle() /var/www/html/Property-Management/vendor/cakephp/cakephp/src/Http/Runner.php, line 77
Cake\Http\Middleware\CsrfProtectionMiddleware::process() /var/www/html/Property-Management/vendor/cakephp/cakephp/src/Http/Middleware/CsrfProtectionMiddleware.php, line 174
Cake\Http\Runner::handle() /var/www/html/Property-Management/vendor/cakephp/cakephp/src/Http/Runner.php, line 73
Cake\Http\Middleware\BodyParserMiddleware::process() /var/www/html/Property-Management/vendor/cakephp/cakephp/src/Http/Middleware/BodyParserMiddleware.php, line 157
Cake\Http\Runner::handle() /var/www/html/Property-Management/vendor/cakephp/cakephp/src/Http/Runner.php, line 73
Cake\Routing\Middleware\RoutingMiddleware::process() /var/www/html/Property-Management/vendor/cakephp/cakephp/src/Routing/Middleware/RoutingMiddleware.php, line 186
Cake\Http\Runner::handle() /var/www/html/Property-Management/vendor/cakephp/cakephp/src/Http/Runner.php, line 73
Cake\Routing\Middleware\AssetMiddleware::process() /var/www/html/Property-Management/vendor/cakephp/cakephp/src/Routing/Middleware/AssetMiddleware.php, line 68
Cake\Http\Runner::handle() /var/www/html/Property-Management/vendor/cakephp/cakephp/src/Http/Runner.php, line 73
Cake\Error\Middleware\ErrorHandlerMiddleware::process() /var/www/html/Property-Management/vendor/cakephp/cakephp/src/Error/Middleware/ErrorHandlerMiddleware.php, line 131
Cake\Http\Runner::handle() /var/www/html/Property-Management/vendor/cakephp/cakephp/src/Http/Runner.php, line 73
DebugKit\Middleware\DebugKitMiddleware::process() /var/www/html/Property-Management/vendor/cakephp/debug_kit/src/Middleware/DebugKitMiddleware.php, line 60
Cake\Http\Runner::handle() /var/www/html/Property-Management/vendor/cakephp/cakephp/src/Http/Runner.php, line 73
Cake\Http\Runner::run() /var/www/html/Property-Management/vendor/cakephp/cakephp/src/Http/Runner.php, line 58
Cake\Http\Server::run() /var/www/html/Property-Management/vendor/cakephp/cakephp/src/Http/Server.php, line 90
[main] /var/www/html/Property-Management/webroot/index.php, line 40

2023-01-31 06:07:51 notice: Undefined property: ErrorController::$viewvars in /var/www/html/Property-Management/src/Controller/AppController.php on line 74
Request URL: /users/user-login
Client IP: 127.0.0.1
Trace:
Cake\Controller\Controller::__get() /var/www/html/Property-Management/vendor/cakephp/cakephp/src/Controller/Controller.php, line 337
App\Controller\AppController::beforeRender() /var/www/html/Property-Management/src/Controller/AppController.php, line 74
App\Controller\ErrorController::beforeRender() /var/www/html/Property-Management/src/Controller/ErrorController.php, line 56
Cake\Event\EventManager::_callListener() /var/www/html/Property-Management/vendor/cakephp/cakephp/src/Event/EventManager.php, line 309
Cake\Event\EventManager::dispatch() /var/www/html/Property-Management/vendor/cakephp/cakephp/src/Event/EventManager.php, line 286
Cake\Controller\Controller::dispatchEvent() /var/www/html/Property-Management/vendor/cakephp/cakephp/src/Event/EventDispatcherTrait.php, line 92
Cake\Controller\Controller::render() /var/www/html/Property-Management/vendor/cakephp/cakephp/src/Controller/Controller.php, line 759
Cake\Error\Renderer\WebExceptionRenderer::_outputMessage() /var/www/html/Property-Management/vendor/cakephp/cakephp/src/Error/Renderer/WebExceptionRenderer.php, line 421
Cake\Error\Renderer\WebExceptionRenderer::render() /var/www/html/Property-Management/vendor/cakephp/cakephp/src/Error/Renderer/WebExceptionRenderer.php, line 292
Cake\Error\Middleware\ErrorHandlerMiddleware::handleException() /var/www/html/Property-Management/vendor/cakephp/cakephp/src/Error/Middleware/ErrorHandlerMiddleware.php, line 162
Cake\Error\Middleware\ErrorHandlerMiddleware::process() /var/www/html/Property-Management/vendor/cakephp/cakephp/src/Error/Middleware/ErrorHandlerMiddleware.php, line 135
Cake\Http\Runner::handle() /var/www/html/Property-Management/vendor/cakephp/cakephp/src/Http/Runner.php, line 73
DebugKit\Middleware\DebugKitMiddleware::process() /var/www/html/Property-Management/vendor/cakephp/debug_kit/src/Middleware/DebugKitMiddleware.php, line 60
Cake\Http\Runner::handle() /var/www/html/Property-Management/vendor/cakephp/cakephp/src/Http/Runner.php, line 73
Cake\Http\Runner::run() /var/www/html/Property-Management/vendor/cakephp/cakephp/src/Http/Runner.php, line 58
Cake\Http\Server::run() /var/www/html/Property-Management/vendor/cakephp/cakephp/src/Http/Server.php, line 90
[main] /var/www/html/Property-Management/webroot/index.php, line 40

2023-01-31 06:08:07 notice: Undefined property: UsersController::$view in /var/www/html/Property-Management/src/Controller/AppController.php on line 74
Request URL: /users/user-login
Client IP: 127.0.0.1
Trace:
Cake\Controller\Controller::__get() /var/www/html/Property-Management/vendor/cakephp/cakephp/src/Controller/Controller.php, line 337
App\Controller\AppController::beforeRender() /var/www/html/Property-Management/src/Controller/AppController.php, line 74
Cake\Event\EventManager::_callListener() /var/www/html/Property-Management/vendor/cakephp/cakephp/src/Event/EventManager.php, line 309
Cake\Event\EventManager::dispatch() /var/www/html/Property-Management/vendor/cakephp/cakephp/src/Event/EventManager.php, line 286
Cake\Controller\Controller::dispatchEvent() /var/www/html/Property-Management/vendor/cakephp/cakephp/src/Event/EventDispatcherTrait.php, line 92
Cake\Controller\Controller::render() /var/www/html/Property-Management/vendor/cakephp/cakephp/src/Controller/Controller.php, line 759
Cake\Controller\Controller::invokeAction() /var/www/html/Property-Management/vendor/cakephp/cakephp/src/Controller/Controller.php, line 556
Cake\Controller\ControllerFactory::handle() /var/www/html/Property-Management/vendor/cakephp/cakephp/src/Controller/ControllerFactory.php, line 139
Cake\Controller\ControllerFactory::invoke() /var/www/html/Property-Management/vendor/cakephp/cakephp/src/Controller/ControllerFactory.php, line 114
Cake\Http\BaseApplication::handle() /var/www/html/Property-Management/vendor/cakephp/cakephp/src/Http/BaseApplication.php, line 320
Cake\Http\Runner::handle() /var/www/html/Property-Management/vendor/cakephp/cakephp/src/Http/Runner.php, line 77
Cake\Http\Middleware\CsrfProtectionMiddleware::process() /var/www/html/Property-Management/vendor/cakephp/cakephp/src/Http/Middleware/CsrfProtectionMiddleware.php, line 174
Cake\Http\Runner::handle() /var/www/html/Property-Management/vendor/cakephp/cakephp/src/Http/Runner.php, line 73
Cake\Http\Middleware\BodyParserMiddleware::process() /var/www/html/Property-Management/vendor/cakephp/cakephp/src/Http/Middleware/BodyParserMiddleware.php, line 157
Cake\Http\Runner::handle() /var/www/html/Property-Management/vendor/cakephp/cakephp/src/Http/Runner.php, line 73
Cake\Routing\Middleware\RoutingMiddleware::process() /var/www/html/Property-Management/vendor/cakephp/cakephp/src/Routing/Middleware/RoutingMiddleware.php, line 186
Cake\Http\Runner::handle() /var/www/html/Property-Management/vendor/cakephp/cakephp/src/Http/Runner.php, line 73
Cake\Routing\Middleware\AssetMiddleware::process() /var/www/html/Property-Management/vendor/cakephp/cakephp/src/Routing/Middleware/AssetMiddleware.php, line 68
Cake\Http\Runner::handle() /var/www/html/Property-Management/vendor/cakephp/cakephp/src/Http/Runner.php, line 73
Cake\Error\Middleware\ErrorHandlerMiddleware::process() /var/www/html/Property-Management/vendor/cakephp/cakephp/src/Error/Middleware/ErrorHandlerMiddleware.php, line 131
Cake\Http\Runner::handle() /var/www/html/Property-Management/vendor/cakephp/cakephp/src/Http/Runner.php, line 73
DebugKit\Middleware\DebugKitMiddleware::process() /var/www/html/Property-Management/vendor/cakephp/debug_kit/src/Middleware/DebugKitMiddleware.php, line 60
Cake\Http\Runner::handle() /var/www/html/Property-Management/vendor/cakephp/cakephp/src/Http/Runner.php, line 73
Cake\Http\Runner::run() /var/www/html/Property-Management/vendor/cakephp/cakephp/src/Http/Runner.php, line 58
Cake\Http\Server::run() /var/www/html/Property-Management/vendor/cakephp/cakephp/src/Http/Server.php, line 90
[main] /var/www/html/Property-Management/webroot/index.php, line 40

2023-01-31 06:08:07 notice: Undefined property: ErrorController::$view in /var/www/html/Property-Management/src/Controller/AppController.php on line 74
Request URL: /users/user-login
Client IP: 127.0.0.1
Trace:
Cake\Controller\Controller::__get() /var/www/html/Property-Management/vendor/cakephp/cakephp/src/Controller/Controller.php, line 337
App\Controller\AppController::beforeRender() /var/www/html/Property-Management/src/Controller/AppController.php, line 74
App\Controller\ErrorController::beforeRender() /var/www/html/Property-Management/src/Controller/ErrorController.php, line 56
Cake\Event\EventManager::_callListener() /var/www/html/Property-Management/vendor/cakephp/cakephp/src/Event/EventManager.php, line 309
Cake\Event\EventManager::dispatch() /var/www/html/Property-Management/vendor/cakephp/cakephp/src/Event/EventManager.php, line 286
Cake\Controller\Controller::dispatchEvent() /var/www/html/Property-Management/vendor/cakephp/cakephp/src/Event/EventDispatcherTrait.php, line 92
Cake\Controller\Controller::render() /var/www/html/Property-Management/vendor/cakephp/cakephp/src/Controller/Controller.php, line 759
Cake\Error\Renderer\WebExceptionRenderer::_outputMessage() /var/www/html/Property-Management/vendor/cakephp/cakephp/src/Error/Renderer/WebExceptionRenderer.php, line 421
Cake\Error\Renderer\WebExceptionRenderer::render() /var/www/html/Property-Management/vendor/cakephp/cakephp/src/Error/Renderer/WebExceptionRenderer.php, line 292
Cake\Error\Middleware\ErrorHandlerMiddleware::handleException() /var/www/html/Property-Management/vendor/cakephp/cakephp/src/Error/Middleware/ErrorHandlerMiddleware.php, line 162
Cake\Error\Middleware\ErrorHandlerMiddleware::process() /var/www/html/Property-Management/vendor/cakephp/cakephp/src/Error/Middleware/ErrorHandlerMiddleware.php, line 135
Cake\Http\Runner::handle() /var/www/html/Property-Management/vendor/cakephp/cakephp/src/Http/Runner.php, line 73
DebugKit\Middleware\DebugKitMiddleware::process() /var/www/html/Property-Management/vendor/cakephp/debug_kit/src/Middleware/DebugKitMiddleware.php, line 60
Cake\Http\Runner::handle() /var/www/html/Property-Management/vendor/cakephp/cakephp/src/Http/Runner.php, line 73
Cake\Http\Runner::run() /var/www/html/Property-Management/vendor/cakephp/cakephp/src/Http/Runner.php, line 58
Cake\Http\Server::run() /var/www/html/Property-Management/vendor/cakephp/cakephp/src/Http/Server.php, line 90
[main] /var/www/html/Property-Management/webroot/index.php, line 40

2023-01-31 06:08:54 notice: Undefined property: UsersController::$__get in /var/www/html/Property-Management/src/Controller/AppController.php on line 74
Request URL: /users/user-login
Client IP: 127.0.0.1
Trace:
Cake\Controller\Controller::__get() /var/www/html/Property-Management/vendor/cakephp/cakephp/src/Controller/Controller.php, line 337
App\Controller\AppController::beforeRender() /var/www/html/Property-Management/src/Controller/AppController.php, line 74
Cake\Event\EventManager::_callListener() /var/www/html/Property-Management/vendor/cakephp/cakephp/src/Event/EventManager.php, line 309
Cake\Event\EventManager::dispatch() /var/www/html/Property-Management/vendor/cakephp/cakephp/src/Event/EventManager.php, line 286
Cake\Controller\Controller::dispatchEvent() /var/www/html/Property-Management/vendor/cakephp/cakephp/src/Event/EventDispatcherTrait.php, line 92
Cake\Controller\Controller::render() /var/www/html/Property-Management/vendor/cakephp/cakephp/src/Controller/Controller.php, line 759
Cake\Controller\Controller::invokeAction() /var/www/html/Property-Management/vendor/cakephp/cakephp/src/Controller/Controller.php, line 556
Cake\Controller\ControllerFactory::handle() /var/www/html/Property-Management/vendor/cakephp/cakephp/src/Controller/ControllerFactory.php, line 139
Cake\Controller\ControllerFactory::invoke() /var/www/html/Property-Management/vendor/cakephp/cakephp/src/Controller/ControllerFactory.php, line 114
Cake\Http\BaseApplication::handle() /var/www/html/Property-Management/vendor/cakephp/cakephp/src/Http/BaseApplication.php, line 320
Cake\Http\Runner::handle() /var/www/html/Property-Management/vendor/cakephp/cakephp/src/Http/Runner.php, line 77
Cake\Http\Middleware\CsrfProtectionMiddleware::process() /var/www/html/Property-Management/vendor/cakephp/cakephp/src/Http/Middleware/CsrfProtectionMiddleware.php, line 174
Cake\Http\Runner::handle() /var/www/html/Property-Management/vendor/cakephp/cakephp/src/Http/Runner.php, line 73
Cake\Http\Middleware\BodyParserMiddleware::process() /var/www/html/Property-Management/vendor/cakephp/cakephp/src/Http/Middleware/BodyParserMiddleware.php, line 157
Cake\Http\Runner::handle() /var/www/html/Property-Management/vendor/cakephp/cakephp/src/Http/Runner.php, line 73
Cake\Routing\Middleware\RoutingMiddleware::process() /var/www/html/Property-Management/vendor/cakephp/cakephp/src/Routing/Middleware/RoutingMiddleware.php, line 186
Cake\Http\Runner::handle() /var/www/html/Property-Management/vendor/cakephp/cakephp/src/Http/Runner.php, line 73
Cake\Routing\Middleware\AssetMiddleware::process() /var/www/html/Property-Management/vendor/cakephp/cakephp/src/Routing/Middleware/AssetMiddleware.php, line 68
Cake\Http\Runner::handle() /var/www/html/Property-Management/vendor/cakephp/cakephp/src/Http/Runner.php, line 73
Cake\Error\Middleware\ErrorHandlerMiddleware::process() /var/www/html/Property-Management/vendor/cakephp/cakephp/src/Error/Middleware/ErrorHandlerMiddleware.php, line 131
Cake\Http\Runner::handle() /var/www/html/Property-Management/vendor/cakephp/cakephp/src/Http/Runner.php, line 73
DebugKit\Middleware\DebugKitMiddleware::process() /var/www/html/Property-Management/vendor/cakephp/debug_kit/src/Middleware/DebugKitMiddleware.php, line 60
Cake\Http\Runner::handle() /var/www/html/Property-Management/vendor/cakephp/cakephp/src/Http/Runner.php, line 73
Cake\Http\Runner::run() /var/www/html/Property-Management/vendor/cakephp/cakephp/src/Http/Runner.php, line 58
Cake\Http\Server::run() /var/www/html/Property-Management/vendor/cakephp/cakephp/src/Http/Server.php, line 90
[main] /var/www/html/Property-Management/webroot/index.php, line 40

2023-01-31 06:08:54 notice: Undefined property: ErrorController::$__get in /var/www/html/Property-Management/src/Controller/AppController.php on line 74
Request URL: /users/user-login
Client IP: 127.0.0.1
Trace:
Cake\Controller\Controller::__get() /var/www/html/Property-Management/vendor/cakephp/cakephp/src/Controller/Controller.php, line 337
App\Controller\AppController::beforeRender() /var/www/html/Property-Management/src/Controller/AppController.php, line 74
App\Controller\ErrorController::beforeRender() /var/www/html/Property-Management/src/Controller/ErrorController.php, line 56
Cake\Event\EventManager::_callListener() /var/www/html/Property-Management/vendor/cakephp/cakephp/src/Event/EventManager.php, line 309
Cake\Event\EventManager::dispatch() /var/www/html/Property-Management/vendor/cakephp/cakephp/src/Event/EventManager.php, line 286
Cake\Controller\Controller::dispatchEvent() /var/www/html/Property-Management/vendor/cakephp/cakephp/src/Event/EventDispatcherTrait.php, line 92
Cake\Controller\Controller::render() /var/www/html/Property-Management/vendor/cakephp/cakephp/src/Controller/Controller.php, line 759
Cake\Error\Renderer\WebExceptionRenderer::_outputMessage() /var/www/html/Property-Management/vendor/cakephp/cakephp/src/Error/Renderer/WebExceptionRenderer.php, line 421
Cake\Error\Renderer\WebExceptionRenderer::render() /var/www/html/Property-Management/vendor/cakephp/cakephp/src/Error/Renderer/WebExceptionRenderer.php, line 292
Cake\Error\Middleware\ErrorHandlerMiddleware::handleException() /var/www/html/Property-Management/vendor/cakephp/cakephp/src/Error/Middleware/ErrorHandlerMiddleware.php, line 162
Cake\Error\Middleware\ErrorHandlerMiddleware::process() /var/www/html/Property-Management/vendor/cakephp/cakephp/src/Error/Middleware/ErrorHandlerMiddleware.php, line 135
Cake\Http\Runner::handle() /var/www/html/Property-Management/vendor/cakephp/cakephp/src/Http/Runner.php, line 73
DebugKit\Middleware\DebugKitMiddleware::process() /var/www/html/Property-Management/vendor/cakephp/debug_kit/src/Middleware/DebugKitMiddleware.php, line 60
Cake\Http\Runner::handle() /var/www/html/Property-Management/vendor/cakephp/cakephp/src/Http/Runner.php, line 73
Cake\Http\Runner::run() /var/www/html/Property-Management/vendor/cakephp/cakephp/src/Http/Runner.php, line 58
Cake\Http\Server::run() /var/www/html/Property-Management/vendor/cakephp/cakephp/src/Http/Server.php, line 90
[main] /var/www/html/Property-Management/webroot/index.php, line 40

2023-01-31 06:12:02 notice: Undefined property: UsersController::$index in /var/www/html/Property-Management/src/Controller/AppController.php on line 74
Request URL: /users/user-login
Client IP: 127.0.0.1
Trace:
Cake\Controller\Controller::__get() /var/www/html/Property-Management/vendor/cakephp/cakephp/src/Controller/Controller.php, line 337
App\Controller\AppController::beforeRender() /var/www/html/Property-Management/src/Controller/AppController.php, line 74
Cake\Event\EventManager::_callListener() /var/www/html/Property-Management/vendor/cakephp/cakephp/src/Event/EventManager.php, line 309
Cake\Event\EventManager::dispatch() /var/www/html/Property-Management/vendor/cakephp/cakephp/src/Event/EventManager.php, line 286
Cake\Controller\Controller::dispatchEvent() /var/www/html/Property-Management/vendor/cakephp/cakephp/src/Event/EventDispatcherTrait.php, line 92
Cake\Controller\Controller::render() /var/www/html/Property-Management/vendor/cakephp/cakephp/src/Controller/Controller.php, line 759
Cake\Controller\Controller::invokeAction() /var/www/html/Property-Management/vendor/cakephp/cakephp/src/Controller/Controller.php, line 556
Cake\Controller\ControllerFactory::handle() /var/www/html/Property-Management/vendor/cakephp/cakephp/src/Controller/ControllerFactory.php, line 139
Cake\Controller\ControllerFactory::invoke() /var/www/html/Property-Management/vendor/cakephp/cakephp/src/Controller/ControllerFactory.php, line 114
Cake\Http\BaseApplication::handle() /var/www/html/Property-Management/vendor/cakephp/cakephp/src/Http/BaseApplication.php, line 320
Cake\Http\Runner::handle() /var/www/html/Property-Management/vendor/cakephp/cakephp/src/Http/Runner.php, line 77
Cake\Http\Middleware\CsrfProtectionMiddleware::process() /var/www/html/Property-Management/vendor/cakephp/cakephp/src/Http/Middleware/CsrfProtectionMiddleware.php, line 174
Cake\Http\Runner::handle() /var/www/html/Property-Management/vendor/cakephp/cakephp/src/Http/Runner.php, line 73
Cake\Http\Middleware\BodyParserMiddleware::process() /var/www/html/Property-Management/vendor/cakephp/cakephp/src/Http/Middleware/BodyParserMiddleware.php, line 157
Cake\Http\Runner::handle() /var/www/html/Property-Management/vendor/cakephp/cakephp/src/Http/Runner.php, line 73
Cake\Routing\Middleware\RoutingMiddleware::process() /var/www/html/Property-Management/vendor/cakephp/cakephp/src/Routing/Middleware/RoutingMiddleware.php, line 186
Cake\Http\Runner::handle() /var/www/html/Property-Management/vendor/cakephp/cakephp/src/Http/Runner.php, line 73
Cake\Routing\Middleware\AssetMiddleware::process() /var/www/html/Property-Management/vendor/cakephp/cakephp/src/Routing/Middleware/AssetMiddleware.php, line 68
Cake\Http\Runner::handle() /var/www/html/Property-Management/vendor/cakephp/cakephp/src/Http/Runner.php, line 73
Cake\Error\Middleware\ErrorHandlerMiddleware::process() /var/www/html/Property-Management/vendor/cakephp/cakephp/src/Error/Middleware/ErrorHandlerMiddleware.php, line 131
Cake\Http\Runner::handle() /var/www/html/Property-Management/vendor/cakephp/cakephp/src/Http/Runner.php, line 73
DebugKit\Middleware\DebugKitMiddleware::process() /var/www/html/Property-Management/vendor/cakephp/debug_kit/src/Middleware/DebugKitMiddleware.php, line 60
Cake\Http\Runner::handle() /var/www/html/Property-Management/vendor/cakephp/cakephp/src/Http/Runner.php, line 73
Cake\Http\Runner::run() /var/www/html/Property-Management/vendor/cakephp/cakephp/src/Http/Runner.php, line 58
Cake\Http\Server::run() /var/www/html/Property-Management/vendor/cakephp/cakephp/src/Http/Server.php, line 90
[main] /var/www/html/Property-Management/webroot/index.php, line 40

2023-01-31 06:12:02 notice: Undefined property: ErrorController::$index in /var/www/html/Property-Management/src/Controller/AppController.php on line 74
Request URL: /users/user-login
Client IP: 127.0.0.1
Trace:
Cake\Controller\Controller::__get() /var/www/html/Property-Management/vendor/cakephp/cakephp/src/Controller/Controller.php, line 337
App\Controller\AppController::beforeRender() /var/www/html/Property-Management/src/Controller/AppController.php, line 74
App\Controller\ErrorController::beforeRender() /var/www/html/Property-Management/src/Controller/ErrorController.php, line 56
Cake\Event\EventManager::_callListener() /var/www/html/Property-Management/vendor/cakephp/cakephp/src/Event/EventManager.php, line 309
Cake\Event\EventManager::dispatch() /var/www/html/Property-Management/vendor/cakephp/cakephp/src/Event/EventManager.php, line 286
Cake\Controller\Controller::dispatchEvent() /var/www/html/Property-Management/vendor/cakephp/cakephp/src/Event/EventDispatcherTrait.php, line 92
Cake\Controller\Controller::render() /var/www/html/Property-Management/vendor/cakephp/cakephp/src/Controller/Controller.php, line 759
Cake\Error\Renderer\WebExceptionRenderer::_outputMessage() /var/www/html/Property-Management/vendor/cakephp/cakephp/src/Error/Renderer/WebExceptionRenderer.php, line 421
Cake\Error\Renderer\WebExceptionRenderer::render() /var/www/html/Property-Management/vendor/cakephp/cakephp/src/Error/Renderer/WebExceptionRenderer.php, line 292
Cake\Error\Middleware\ErrorHandlerMiddleware::handleException() /var/www/html/Property-Management/vendor/cakephp/cakephp/src/Error/Middleware/ErrorHandlerMiddleware.php, line 162
Cake\Error\Middleware\ErrorHandlerMiddleware::process() /var/www/html/Property-Management/vendor/cakephp/cakephp/src/Error/Middleware/ErrorHandlerMiddleware.php, line 135
Cake\Http\Runner::handle() /var/www/html/Property-Management/vendor/cakephp/cakephp/src/Http/Runner.php, line 73
DebugKit\Middleware\DebugKitMiddleware::process() /var/www/html/Property-Management/vendor/cakephp/debug_kit/src/Middleware/DebugKitMiddleware.php, line 60
Cake\Http\Runner::handle() /var/www/html/Property-Management/vendor/cakephp/cakephp/src/Http/Runner.php, line 73
Cake\Http\Runner::run() /var/www/html/Property-Management/vendor/cakephp/cakephp/src/Http/Runner.php, line 58
Cake\Http\Server::run() /var/www/html/Property-Management/vendor/cakephp/cakephp/src/Http/Server.php, line 90
[main] /var/www/html/Property-Management/webroot/index.php, line 40

2023-01-31 07:20:20 notice: Undefined property: UsersController::$Properties in /var/www/html/Property-Management/src/Controller/UsersController.php on line 154
Request URL: /users/property_listing
Client IP: 127.0.0.1
Trace:
Cake\Controller\Controller::__get() /var/www/html/Property-Management/vendor/cakephp/cakephp/src/Controller/Controller.php, line 337
App\Controller\UsersController::propertyListing() /var/www/html/Property-Management/src/Controller/UsersController.php, line 154
Cake\Controller\Controller::invokeAction() /var/www/html/Property-Management/vendor/cakephp/cakephp/src/Controller/Controller.php, line 547
Cake\Controller\ControllerFactory::handle() /var/www/html/Property-Management/vendor/cakephp/cakephp/src/Controller/ControllerFactory.php, line 139
Cake\Controller\ControllerFactory::invoke() /var/www/html/Property-Management/vendor/cakephp/cakephp/src/Controller/ControllerFactory.php, line 114
Cake\Http\BaseApplication::handle() /var/www/html/Property-Management/vendor/cakephp/cakephp/src/Http/BaseApplication.php, line 320
Cake\Http\Runner::handle() /var/www/html/Property-Management/vendor/cakephp/cakephp/src/Http/Runner.php, line 77
Cake\Http\Middleware\CsrfProtectionMiddleware::process() /var/www/html/Property-Management/vendor/cakephp/cakephp/src/Http/Middleware/CsrfProtectionMiddleware.php, line 174
Cake\Http\Runner::handle() /var/www/html/Property-Management/vendor/cakephp/cakephp/src/Http/Runner.php, line 73
Cake\Http\Middleware\BodyParserMiddleware::process() /var/www/html/Property-Management/vendor/cakephp/cakephp/src/Http/Middleware/BodyParserMiddleware.php, line 157
Cake\Http\Runner::handle() /var/www/html/Property-Management/vendor/cakephp/cakephp/src/Http/Runner.php, line 73
Cake\Routing\Middleware\RoutingMiddleware::process() /var/www/html/Property-Management/vendor/cakephp/cakephp/src/Routing/Middleware/RoutingMiddleware.php, line 186
Cake\Http\Runner::handle() /var/www/html/Property-Management/vendor/cakephp/cakephp/src/Http/Runner.php, line 73
Cake\Routing\Middleware\AssetMiddleware::process() /var/www/html/Property-Management/vendor/cakephp/cakephp/src/Routing/Middleware/AssetMiddleware.php, line 68
Cake\Http\Runner::handle() /var/www/html/Property-Management/vendor/cakephp/cakephp/src/Http/Runner.php, line 73
Cake\Error\Middleware\ErrorHandlerMiddleware::process() /var/www/html/Property-Management/vendor/cakephp/cakephp/src/Error/Middleware/ErrorHandlerMiddleware.php, line 131
Cake\Http\Runner::handle() /var/www/html/Property-Management/vendor/cakephp/cakephp/src/Http/Runner.php, line 73
DebugKit\Middleware\DebugKitMiddleware::process() /var/www/html/Property-Management/vendor/cakephp/debug_kit/src/Middleware/DebugKitMiddleware.php, line 60
Cake\Http\Runner::handle() /var/www/html/Property-Management/vendor/cakephp/cakephp/src/Http/Runner.php, line 73
Cake\Http\Runner::run() /var/www/html/Property-Management/vendor/cakephp/cakephp/src/Http/Runner.php, line 58
Cake\Http\Server::run() /var/www/html/Property-Management/vendor/cakephp/cakephp/src/Http/Server.php, line 90
[main] /var/www/html/Property-Management/webroot/index.php, line 40

2023-01-31 07:21:01 notice: Undefined property: UsersController::$Properties in /var/www/html/Property-Management/src/Controller/UsersController.php on line 154
Request URL: /users/property_listing
Client IP: 127.0.0.1
Trace:
Cake\Controller\Controller::__get() /var/www/html/Property-Management/vendor/cakephp/cakephp/src/Controller/Controller.php, line 337
App\Controller\UsersController::propertyListing() /var/www/html/Property-Management/src/Controller/UsersController.php, line 154
Cake\Controller\Controller::invokeAction() /var/www/html/Property-Management/vendor/cakephp/cakephp/src/Controller/Controller.php, line 547
Cake\Controller\ControllerFactory::handle() /var/www/html/Property-Management/vendor/cakephp/cakephp/src/Controller/ControllerFactory.php, line 139
Cake\Controller\ControllerFactory::invoke() /var/www/html/Property-Management/vendor/cakephp/cakephp/src/Controller/ControllerFactory.php, line 114
Cake\Http\BaseApplication::handle() /var/www/html/Property-Management/vendor/cakephp/cakephp/src/Http/BaseApplication.php, line 320
Cake\Http\Runner::handle() /var/www/html/Property-Management/vendor/cakephp/cakephp/src/Http/Runner.php, line 77
Cake\Http\Middleware\CsrfProtectionMiddleware::process() /var/www/html/Property-Management/vendor/cakephp/cakephp/src/Http/Middleware/CsrfProtectionMiddleware.php, line 174
Cake\Http\Runner::handle() /var/www/html/Property-Management/vendor/cakephp/cakephp/src/Http/Runner.php, line 73
Cake\Http\Middleware\BodyParserMiddleware::process() /var/www/html/Property-Management/vendor/cakephp/cakephp/src/Http/Middleware/BodyParserMiddleware.php, line 157
Cake\Http\Runner::handle() /var/www/html/Property-Management/vendor/cakephp/cakephp/src/Http/Runner.php, line 73
Cake\Routing\Middleware\RoutingMiddleware::process() /var/www/html/Property-Management/vendor/cakephp/cakephp/src/Routing/Middleware/RoutingMiddleware.php, line 186
Cake\Http\Runner::handle() /var/www/html/Property-Management/vendor/cakephp/cakephp/src/Http/Runner.php, line 73
Cake\Routing\Middleware\AssetMiddleware::process() /var/www/html/Property-Management/vendor/cakephp/cakephp/src/Routing/Middleware/AssetMiddleware.php, line 68
Cake\Http\Runner::handle() /var/www/html/Property-Management/vendor/cakephp/cakephp/src/Http/Runner.php, line 73
Cake\Error\Middleware\ErrorHandlerMiddleware::process() /var/www/html/Property-Management/vendor/cakephp/cakephp/src/Error/Middleware/ErrorHandlerMiddleware.php, line 131
Cake\Http\Runner::handle() /var/www/html/Property-Management/vendor/cakephp/cakephp/src/Http/Runner.php, line 73
DebugKit\Middleware\DebugKitMiddleware::process() /var/www/html/Property-Management/vendor/cakephp/debug_kit/src/Middleware/DebugKitMiddleware.php, line 60
Cake\Http\Runner::handle() /var/www/html/Property-Management/vendor/cakephp/cakephp/src/Http/Runner.php, line 73
Cake\Http\Runner::run() /var/www/html/Property-Management/vendor/cakephp/cakephp/src/Http/Runner.php, line 58
Cake\Http\Server::run() /var/www/html/Property-Management/vendor/cakephp/cakephp/src/Http/Server.php, line 90
[main] /var/www/html/Property-Management/webroot/index.php, line 40

